<?xml version="1.0" encoding="UTF-8"?>
<!-- Generated by org.testng.reporters.JUnitReportReporter -->
<testsuite hostname="LAPTOP-4A3LKHN3" failures="0" tests="1" name="Kedar.automation.Badge" time="26.527" errors="0" timestamp="2021-09-14T14:00:49 IST" skipped="0">
  <testcase classname="Kedar.automation.Badge" name="Kedar" time="26.527"/>
  <system-out/>
</testsuite> <!-- Kedar.automation.Badge -->
