<?xml version="1.0" encoding="UTF-8"?>
<!-- Generated by org.testng.reporters.JUnitReportReporter -->
<testsuite hostname="LAPTOP-4A3LKHN3" failures="0" tests="1" name="Kedar.automation.UserUpdateProfile" time="27.171" errors="0" timestamp="2021-09-14T13:58:25 IST" skipped="0">
  <testcase classname="Kedar.automation.UserUpdateProfile" name="EditUserProfileGeneral" time="27.171"/>
  <system-out/>
</testsuite> <!-- Kedar.automation.UserUpdateProfile -->
