<?xml version="1.0" encoding="UTF-8"?>
<!-- Generated by org.testng.reporters.JUnitReportReporter -->
<testsuite hostname="LAPTOP-4A3LKHN3" failures="0" tests="2" name="kedar.Admin.CreateCourseTest" time="132.900" errors="0" timestamp="2021-09-14T17:36:21 IST" skipped="0">
  <testcase classname="kedar.Admin.CreateCourseTest" name="checkLogin" time="7.085"/>
  <system-out/>
  <testcase classname="kedar.Admin.CreateCourseTest" name="createCourse" time="125.815"/>
  <system-out/>
</testsuite> <!-- kedar.Admin.CreateCourseTest -->
